<?xml version="1.0" encoding="UTF-8"?>
<!-- Generated by org.testng.reporters.JUnitReportReporter -->
<testsuite skipped="0" hostname="KK-LENOVO-PC" name="qa.selenium.VisualTests" tests="9" failures="0" timestamp="2019-11-19T21:49:26 EST" time="86.117" errors="0">
  <testcase name="checkLoginpageUIonLoad" time="7.844" classname="qa.selenium.VisualTests"/>
  <testcase name="validateSubmitEmptyUsernamePassword" time="11.650" classname="qa.selenium.VisualTests"/>
  <testcase name="validateSubmitEmptyPassword" time="7.581" classname="qa.selenium.VisualTests"/>
  <testcase name="validateSubmitEmptyUsername" time="8.696" classname="qa.selenium.VisualTests"/>
  <testcase name="validateSuccessfulLogin" time="11.160" classname="qa.selenium.VisualTests"/>
  <testcase name="validateTableSortedDescendingAmount" time="9.559" classname="qa.selenium.VisualTests"/>
  <testcase name="validateBarCharts" time="11.201" classname="qa.selenium.VisualTests"/>
  <testcase name="validateShowDataForNextYear" time="8.111" classname="qa.selenium.VisualTests"/>
  <testcase name="validateDynamicAds" time="10.315" classname="qa.selenium.VisualTests"/>
</testsuite> <!-- qa.selenium.VisualTests -->
