<?xml version="1.0" encoding="UTF-8"?>
<!-- Generated by org.testng.reporters.JUnitReportReporter -->
<testsuite skipped="1" hostname="KK-LENOVO-PC" name="qa.selenium.TraditionalTests" tests="27" failures="0" timestamp="2019-11-18T17:30:43 EST" time="11.399" errors="0">
  <testcase name="checkUsernameFieldExists" time="0.147" classname="qa.selenium.TraditionalTests"/>
  <testcase name="checkUsernameLabelExists" time="0.087" classname="qa.selenium.TraditionalTests"/>
  <testcase name="checkUsernameIconExists" time="0.073" classname="qa.selenium.TraditionalTests"/>
  <testcase name="checkPasswordFieldExists" time="0.072" classname="qa.selenium.TraditionalTests"/>
  <testcase name="checkPasswordLabelExists" time="0.064" classname="qa.selenium.TraditionalTests"/>
  <testcase name="checkPasswordIconExists" time="0.082" classname="qa.selenium.TraditionalTests"/>
  <testcase name="checkLoginButtonExists" time="0.095" classname="qa.selenium.TraditionalTests"/>
  <testcase name="checkRememberMeCheckboxExists" time="0.079" classname="qa.selenium.TraditionalTests"/>
  <testcase name="checkTwitterButtonExists" time="0.070" classname="qa.selenium.TraditionalTests"/>
  <testcase name="checkFacebookButtonExists" time="0.075" classname="qa.selenium.TraditionalTests"/>
  <testcase name="checkLinkedinButtonExists" time="0.072" classname="qa.selenium.TraditionalTests"/>
  <testcase name="checkLogoImageExists" time="0.065" classname="qa.selenium.TraditionalTests"/>
  <testcase name="checkHeaderTextExists" time="0.068" classname="qa.selenium.TraditionalTests"/>
  <testcase name="checkHeaderTextIsCorrect" time="0.140" classname="qa.selenium.TraditionalTests"/>
  <testcase name="checkUsernamePlaceholderText" time="0.148" classname="qa.selenium.TraditionalTests"/>
  <testcase name="checkPasswordPlaceholderText" time="0.117" classname="qa.selenium.TraditionalTests"/>
  <testcase name="validateSubmitEmptyUsernamePassword" time="1.067" classname="qa.selenium.TraditionalTests"/>
  <testcase name="validateSubmitEmptyPassword" time="0.778" classname="qa.selenium.TraditionalTests"/>
  <testcase name="validateSubmitEmptyUsername" time="0.828" classname="qa.selenium.TraditionalTests"/>
  <testcase name="validateSuccessfulLogin" time="2.407" classname="qa.selenium.TraditionalTests"/>
  <testcase name="validateTableSortedDescendingAmount" time="1.839" classname="qa.selenium.TraditionalTests"/>
  <testcase name="validateAllRowsAreIntactAfterSorting" time="0.905" classname="qa.selenium.TraditionalTests"/>
  <testcase name="validateFirstDynamicAdExists" time="1.839" classname="qa.selenium.TraditionalTests"/>
  <testcase name="validateFirstDynamicAdImageExists" time="0.105" classname="qa.selenium.TraditionalTests"/>
  <testcase name="validateSecondDynamicAdExists" time="0.063" classname="qa.selenium.TraditionalTests"/>
  <testcase name="validateSecondDynamicAdImageExists" time="0.114" classname="qa.selenium.TraditionalTests"/>
  <testcase name="validateBarCharts" classname="qa.selenium.TraditionalTests">
    <skipped/>
  </testcase> <!-- validateBarCharts -->
</testsuite> <!-- qa.selenium.TraditionalTests -->
